<?xml version="1.0"?>
<testsuite name="Chrome 68.0.3440 (Mac OS X 10.13.4)" package="" timestamp="2018-09-04T15:57:26" id="0" hostname="shivanis-MacBook-Pro.local" tests="2" errors="0" failures="0" time="0.922">
  <properties>
    <property name="browser.fullName" value="Mozilla/5.0 (Macintosh; Intel Mac OS X 10_13_4) AppleWebKit/537.36 (KHTML, like Gecko) Chrome/68.0.3440.106 Safari/537.36"/>
  </properties>
  <testcase name="AppComponent if status is equal to alarm, setAlarm becomes true" time="0.524" classname="AppComponent"/>
  <testcase name="AppComponent if status is not equal to alarm, setAlarm becomes flase" time="0.398" classname="AppComponent"/>
  <system-out>
    <![CDATA[
]]>
  </system-out>
  <system-err/>
</testsuite>